<?xml version="1.0" encoding="UTF-8"?>
<testsuite xmlns:xsi="http://www.w3.org/2001/XMLSchema-instance" xsi:noNamespaceSchemaLocation="https://maven.apache.org/surefire/maven-surefire-plugin/xsd/surefire-test-report.xsd" version="3.0.2" name="com.ai.Email.Template.Generator.EmailTemplateGeneratorApplicationTests" time="6.467" tests="1" errors="0" skipped="0" failures="0" flakes="0">
  <properties>
[...]
</properties>
  <testcase name="contextLoads" classname="com.ai.Email.Template.Generator.EmailTemplateGeneratorApplicationTests" time="2.475">
    <system-out><![CDATA[11:06:24.007 [main] INFO org.springframework.test.context.support.AnnotationConfigContextLoaderUtils -- Could not detect default configuration classes for test class [com.ai.Email.Template.Generator.EmailTemplateGeneratorApplicationTests]: EmailTemplateGeneratorApplicationTests does not declare any static, non-private, non-final, nested classes annotated with @Configuration.
11:06:24.145 [main] INFO org.springframework.boot.test.context.SpringBootTestContextBootstrapper -- Found @SpringBootConfiguration com.ai.Email.Template.Generator.EmailTemplateGeneratorApplication for test class com.ai.Email.Template.Generator.EmailTemplateGeneratorApplicationTests
11:06:24.313 [main] INFO org.springframework.test.context.support.AnnotationConfigContextLoaderUtils -- Could not detect default configuration classes for test class [com.ai.Email.Template.Generator.EmailTemplateGeneratorApplicationTests]: EmailTemplateGeneratorApplicationTests does not declare any static, non-private, non-final, nested classes annotated with @Configuration.
11:06:24.315 [main] INFO org.springframework.boot.test.context.SpringBootTestContextBootstrapper -- Found @SpringBootConfiguration com.ai.Email.Template.Generator.EmailTemplateGeneratorApplication for test class com.ai.Email.Template.Generator.EmailTemplateGeneratorApplicationTests
11:06:24.462 [main] INFO org.springframework.boot.devtools.restart.RestartApplicationListener -- Restart disabled due to context in which it is running

  .   ____          _            __ _ _
 /\\ / ___'_ __ _ _(_)_ __  __ _ \ \ \ \
( ( )\___ | '_ | '_| | '_ \/ _` | \ \ \ \
 \\/  ___)| |_)| | | | | || (_| |  ) ) ) )
  '  |____| .__|_| |_|_| |_\__, | / / / /
 =========|_|==============|___/=/_/_/_/

 :: Spring Boot ::                (v4.0.5)

2026-03-30T11:06:25.001+05:30  WARN 13500 --- [Email-Template-Generator] [           main] ory$DuplicateJsonObjectContextCustomizer : 

Found multiple occurrences of org.json.JSONObject on the class path:

	jar:file:/C:/Users/HP/.m2/repository/org/json/json/20231013/json-20231013.jar!/org/json/JSONObject.class
	jar:file:/C:/Users/HP/.m2/repository/com/vaadin/external/google/android-json/0.0.20131108.vaadin1/android-json-0.0.20131108.vaadin1.jar!/org/json/JSONObject.class

You may wish to exclude one of them to ensure predictable runtime behavior

2026-03-30T11:06:25.060+05:30  INFO 13500 --- [Email-Template-Generator] [           main] G.EmailTemplateGeneratorApplicationTests : Starting EmailTemplateGeneratorApplicationTests using Java 17 with PID 13500 (started by HP in C:\Users\HP\Downloads\Email Template Generator\Email-Template-Generator)
2026-03-30T11:06:25.065+05:30  INFO 13500 --- [Email-Template-Generator] [           main] G.EmailTemplateGeneratorApplicationTests : No active profile set, falling back to 1 default profile: "default"
2026-03-30T11:06:27.658+05:30  INFO 13500 --- [Email-Template-Generator] [           main] G.EmailTemplateGeneratorApplicationTests : Started EmailTemplateGeneratorApplicationTests in 3.22 seconds (process running for 5.407)
]]></system-out>
  </testcase>
</testsuite>